Determining if the pthread_create exist failed with the following output:
Change Dir: /home/dzayas/custom/cpputils-github/src/example/tcpsecuresocket/build/CMakeFiles/CMakeTmp

Run Build Command:"/usr/bin/make" "cmTC_b1462/fast"
/usr/bin/make -f CMakeFiles/cmTC_b1462.dir/build.make CMakeFiles/cmTC_b1462.dir/build
make[1]: Entering directory '/home/dzayas/custom/cpputils-github/src/example/tcpsecuresocket/build/CMakeFiles/CMakeTmp'
Building C object CMakeFiles/cmTC_b1462.dir/CheckSymbolExists.c.o
/usr/bin/cc    -o CMakeFiles/cmTC_b1462.dir/CheckSymbolExists.c.o   -c /home/dzayas/custom/cpputils-github/src/example/tcpsecuresocket/build/CMakeFiles/CMakeTmp/CheckSymbolExists.c
Linking C executable cmTC_b1462
/usr/local/bin/cmake -E cmake_link_script CMakeFiles/cmTC_b1462.dir/link.txt --verbose=1
/usr/bin/cc      CMakeFiles/cmTC_b1462.dir/CheckSymbolExists.c.o  -o cmTC_b1462 
CMakeFiles/cmTC_b1462.dir/CheckSymbolExists.c.o: In function `main':
CheckSymbolExists.c:(.text+0x16): undefined reference to `pthread_create'
collect2: error: ld returned 1 exit status
CMakeFiles/cmTC_b1462.dir/build.make:86: recipe for target 'cmTC_b1462' failed
make[1]: *** [cmTC_b1462] Error 1
make[1]: Leaving directory '/home/dzayas/custom/cpputils-github/src/example/tcpsecuresocket/build/CMakeFiles/CMakeTmp'
Makefile:121: recipe for target 'cmTC_b1462/fast' failed
make: *** [cmTC_b1462/fast] Error 2

File /home/dzayas/custom/cpputils-github/src/example/tcpsecuresocket/build/CMakeFiles/CMakeTmp/CheckSymbolExists.c:
/* */
#include <pthread.h>

int main(int argc, char** argv)
{
  (void)argv;
#ifndef pthread_create
  return ((int*)(&pthread_create))[argc];
#else
  (void)argc;
  return 0;
#endif
}

Determining if the function pthread_create exists in the pthreads failed with the following output:
Change Dir: /home/dzayas/custom/cpputils-github/src/example/tcpsecuresocket/build/CMakeFiles/CMakeTmp

Run Build Command:"/usr/bin/make" "cmTC_00f01/fast"
/usr/bin/make -f CMakeFiles/cmTC_00f01.dir/build.make CMakeFiles/cmTC_00f01.dir/build
make[1]: Entering directory '/home/dzayas/custom/cpputils-github/src/example/tcpsecuresocket/build/CMakeFiles/CMakeTmp'
Building C object CMakeFiles/cmTC_00f01.dir/CheckFunctionExists.c.o
/usr/bin/cc   -DCHECK_FUNCTION_EXISTS=pthread_create   -o CMakeFiles/cmTC_00f01.dir/CheckFunctionExists.c.o   -c /usr/local/share/cmake-3.11/Modules/CheckFunctionExists.c
Linking C executable cmTC_00f01
/usr/local/bin/cmake -E cmake_link_script CMakeFiles/cmTC_00f01.dir/link.txt --verbose=1
/usr/bin/cc  -DCHECK_FUNCTION_EXISTS=pthread_create    CMakeFiles/cmTC_00f01.dir/CheckFunctionExists.c.o  -o cmTC_00f01 -lpthreads 
/usr/bin/ld: cannot find -lpthreads
collect2: error: ld returned 1 exit status
CMakeFiles/cmTC_00f01.dir/build.make:86: recipe for target 'cmTC_00f01' failed
make[1]: *** [cmTC_00f01] Error 1
make[1]: Leaving directory '/home/dzayas/custom/cpputils-github/src/example/tcpsecuresocket/build/CMakeFiles/CMakeTmp'
Makefile:121: recipe for target 'cmTC_00f01/fast' failed
make: *** [cmTC_00f01/fast] Error 2


